app/build/intermediates/manifest_merge_blame_file/debug/processDebugMainManifest/manifest-merger-blame-debug-report.txt
1<?xml version="1.0" encoding="utf-8"?>
2<manifest xmlns:android="http://schemas.android.com/apk/res/android"
3    package="com.example.fitnessapp"
4    android:versionCode="1"
5    android:versionName="1.0" >
6
7    <uses-sdk
8        android:minSdkVersion="26"
9        android:targetSdkVersion="34" />
10
11    <uses-feature
11-->src\main\AndroidManifest.xml:5:5-7:36
12        android:name="android.hardware.camera"
12-->src\main\AndroidManifest.xml:6:9-47
13        android:required="false" />
13-->src\main\AndroidManifest.xml:7:9-33
14
15    <uses-permission android:name="android.permission.CAMERA" />
15-->src\main\AndroidManifest.xml:9:5-65
15-->src\main\AndroidManifest.xml:9:22-62
16    <uses-permission
16-->src\main\AndroidManifest.xml:10:5-107
17        android:name="android.permission.READ_EXTERNAL_STORAGE"
17-->src\main\AndroidManifest.xml:10:22-77
18        android:maxSdkVersion="32" />
18-->src\main\AndroidManifest.xml:10:78-104
19    <uses-permission
19-->src\main\AndroidManifest.xml:11:5-108
20        android:name="android.permission.WRITE_EXTERNAL_STORAGE"
20-->src\main\AndroidManifest.xml:11:22-78
21        android:maxSdkVersion="32" />
21-->src\main\AndroidManifest.xml:11:79-105
22    <uses-permission android:name="android.permission.READ_MEDIA_IMAGES" />
22-->src\main\AndroidManifest.xml:12:5-76
22-->src\main\AndroidManifest.xml:12:22-73
23
24    <!-- Gemini OCR requires Internet -->
25    <uses-permission android:name="android.permission.INTERNET" />
25-->src\main\AndroidManifest.xml:15:5-67
25-->src\main\AndroidManifest.xml:15:22-64
26
27    <!-- Local Step Counter Permissions -->
28    <uses-permission android:name="android.permission.ACTIVITY_RECOGNITION" />
28-->src\main\AndroidManifest.xml:18:5-79
28-->src\main\AndroidManifest.xml:18:22-76
29
30    <!-- Health Connect Permissions -->
31    <uses-permission android:name="android.permission.health.READ_STEPS" />
31-->src\main\AndroidManifest.xml:21:5-76
31-->src\main\AndroidManifest.xml:21:22-73
32    <uses-permission android:name="android.permission.health.WRITE_STEPS" />
32-->src\main\AndroidManifest.xml:22:5-77
32-->src\main\AndroidManifest.xml:22:22-74
33    <uses-permission android:name="android.permission.health.READ_SLEEP" />
33-->src\main\AndroidManifest.xml:23:5-76
33-->src\main\AndroidManifest.xml:23:22-73
34    <uses-permission android:name="android.permission.health.WRITE_SLEEP" />
34-->src\main\AndroidManifest.xml:24:5-77
34-->src\main\AndroidManifest.xml:24:22-74
35
36    <!-- Queries for Health Connect -->
37    <queries>
37-->src\main\AndroidManifest.xml:27:5-32:15
38        <package android:name="com.google.android.apps.healthdata" />
38-->src\main\AndroidManifest.xml:28:9-70
38-->src\main\AndroidManifest.xml:28:18-67
39
40        <intent>
40-->src\main\AndroidManifest.xml:29:9-31:18
41            <action android:name="androidx.health.ACTION_SHOW_PERMISSIONS_RATIONALE" />
41-->src\main\AndroidManifest.xml:30:13-88
41-->src\main\AndroidManifest.xml:30:21-85
42        </intent>
43    </queries>
44
45    <permission
45-->[androidx.core:core:1.12.0] AndroidManifest.xml:22:5-24:47
46        android:name="com.example.fitnessapp.DYNAMIC_RECEIVER_NOT_EXPORTED_PERMISSION"
46-->[androidx.core:core:1.12.0] AndroidManifest.xml:23:9-81
47        android:protectionLevel="signature" />
47-->[androidx.core:core:1.12.0] AndroidManifest.xml:24:9-44
48
49    <uses-permission android:name="com.example.fitnessapp.DYNAMIC_RECEIVER_NOT_EXPORTED_PERMISSION" />
49-->[androidx.core:core:1.12.0] AndroidManifest.xml:26:5-97
49-->[androidx.core:core:1.12.0] AndroidManifest.xml:26:22-94
50
51    <application
51-->src\main\AndroidManifest.xml:34:5-85:19
52        android:name="com.example.fitnessapp.FitnessApp"
52-->src\main\AndroidManifest.xml:35:9-35
53        android:allowBackup="true"
53-->src\main\AndroidManifest.xml:36:9-35
54        android:appComponentFactory="androidx.core.app.CoreComponentFactory"
54-->[androidx.core:core:1.12.0] AndroidManifest.xml:28:18-86
55        android:dataExtractionRules="@xml/data_extraction_rules"
55-->src\main\AndroidManifest.xml:37:9-65
56        android:debuggable="true"
57        android:extractNativeLibs="false"
58        android:fullBackupContent="@xml/backup_rules"
58-->src\main\AndroidManifest.xml:38:9-54
59        android:label="@string/app_name"
59-->src\main\AndroidManifest.xml:39:9-41
60        android:supportsRtl="true"
60-->src\main\AndroidManifest.xml:40:9-35
61        android:testOnly="true"
62        android:theme="@style/Theme.FitnessApp" >
62-->src\main\AndroidManifest.xml:41:9-48
63        <activity
63-->src\main\AndroidManifest.xml:44:9-52:20
64            android:name="com.example.fitnessapp.MainActivity"
64-->src\main\AndroidManifest.xml:45:13-41
65            android:exported="true"
65-->src\main\AndroidManifest.xml:46:13-36
66            android:theme="@style/Theme.FitnessApp" >
66-->src\main\AndroidManifest.xml:47:13-52
67            <intent-filter>
67-->src\main\AndroidManifest.xml:48:13-51:29
68                <action android:name="android.intent.action.MAIN" />
68-->src\main\AndroidManifest.xml:49:17-69
68-->src\main\AndroidManifest.xml:49:25-66
69
70                <category android:name="android.intent.category.LAUNCHER" />
70-->src\main\AndroidManifest.xml:50:17-77
70-->src\main\AndroidManifest.xml:50:27-74
71            </intent-filter>
72        </activity>
73        <activity
73-->src\main\AndroidManifest.xml:54:9-61:20
74            android:name="com.example.fitnessapp.ui.PermissionsRationaleActivity"
74-->src\main\AndroidManifest.xml:54:19-66
75            android:exported="true" >
75-->src\main\AndroidManifest.xml:54:67-90
76            <intent-filter>
76-->src\main\AndroidManifest.xml:55:13-57:29
77                <action android:name="androidx.health.ACTION_SHOW_PERMISSIONS_RATIONALE" />
77-->src\main\AndroidManifest.xml:30:13-88
77-->src\main\AndroidManifest.xml:30:21-85
78            </intent-filter>
79
80            <meta-data
80-->src\main\AndroidManifest.xml:58:13-60:64
81                android:name="health_permissions"
81-->src\main\AndroidManifest.xml:59:17-50
82                android:resource="@array/health_permissions" />
82-->src\main\AndroidManifest.xml:60:17-61
83        </activity> <!-- For Android 14 and higher (API 34+) -->
84        <activity-alias
84-->src\main\AndroidManifest.xml:64:9-73:26
85            android:name="com.example.fitnessapp.ui.PermissionsRationaleActivityAlias"
85-->src\main\AndroidManifest.xml:65:13-65
86            android:exported="true"
86-->src\main\AndroidManifest.xml:66:13-36
87            android:permission="android.permission.START_VIEW_PERMISSION_USAGE"
87-->src\main\AndroidManifest.xml:68:13-80
88            android:targetActivity="com.example.fitnessapp.ui.PermissionsRationaleActivity" >
88-->src\main\AndroidManifest.xml:67:13-70
89            <intent-filter>
89-->src\main\AndroidManifest.xml:69:13-72:29
90                <action android:name="android.intent.action.VIEW_PERMISSION_USAGE" />
90-->src\main\AndroidManifest.xml:70:17-86
90-->src\main\AndroidManifest.xml:70:25-83
91
92                <category android:name="android.intent.category.HEALTH_PERMISSIONS" />
92-->src\main\AndroidManifest.xml:71:17-87
92-->src\main\AndroidManifest.xml:71:27-84
93            </intent-filter>
94        </activity-alias>
95
96        <provider
97            android:name="androidx.core.content.FileProvider"
97-->src\main\AndroidManifest.xml:76:13-62
98            android:authorities="com.example.fitnessapp.fileprovider"
98-->src\main\AndroidManifest.xml:77:13-64
99            android:exported="false"
99-->src\main\AndroidManifest.xml:78:13-37
100            android:grantUriPermissions="true" >
100-->src\main\AndroidManifest.xml:79:13-47
101            <meta-data
101-->src\main\AndroidManifest.xml:80:13-82:54
102                android:name="android.support.FILE_PROVIDER_PATHS"
102-->src\main\AndroidManifest.xml:81:17-67
103                android:resource="@xml/file_paths" />
103-->src\main\AndroidManifest.xml:82:17-51
104        </provider>
105
106        <service
106-->[androidx.health.connect:connect-client:1.1.0-alpha07] AndroidManifest.xml:24:9-32:19
107            android:name="androidx.health.platform.client.impl.sdkservice.HealthDataSdkService"
107-->[androidx.health.connect:connect-client:1.1.0-alpha07] AndroidManifest.xml:25:13-96
108            android:enabled="true"
108-->[androidx.health.connect:connect-client:1.1.0-alpha07] AndroidManifest.xml:26:13-35
109            android:exported="true" >
109-->[androidx.health.connect:connect-client:1.1.0-alpha07] AndroidManifest.xml:27:13-36
110            <intent-filter>
110-->[androidx.health.connect:connect-client:1.1.0-alpha07] AndroidManifest.xml:29:13-31:29
111                <action android:name="androidx.health.platform.client.ACTION_BIND_SDK_SERVICE" />
111-->[androidx.health.connect:connect-client:1.1.0-alpha07] AndroidManifest.xml:30:17-98
111-->[androidx.health.connect:connect-client:1.1.0-alpha07] AndroidManifest.xml:30:25-95
112            </intent-filter>
113        </service>
114
115        <activity
115-->[androidx.compose.ui:ui-test-manifest:1.6.8] AndroidManifest.xml:23:9-25:39
116            android:name="androidx.activity.ComponentActivity"
116-->[androidx.compose.ui:ui-test-manifest:1.6.8] AndroidManifest.xml:24:13-63
117            android:exported="true" />
117-->[androidx.compose.ui:ui-test-manifest:1.6.8] AndroidManifest.xml:25:13-36
118        <activity
118-->[androidx.compose.ui:ui-tooling-android:1.6.8] AndroidManifest.xml:23:9-25:39
119            android:name="androidx.compose.ui.tooling.PreviewActivity"
119-->[androidx.compose.ui:ui-tooling-android:1.6.8] AndroidManifest.xml:24:13-71
120            android:exported="true" />
120-->[androidx.compose.ui:ui-tooling-android:1.6.8] AndroidManifest.xml:25:13-36
121
122        <provider
122-->[androidx.emoji2:emoji2:1.3.0] AndroidManifest.xml:24:9-32:20
123            android:name="androidx.startup.InitializationProvider"
123-->[androidx.emoji2:emoji2:1.3.0] AndroidManifest.xml:25:13-67
124            android:authorities="com.example.fitnessapp.androidx-startup"
124-->[androidx.emoji2:emoji2:1.3.0] AndroidManifest.xml:26:13-68
125            android:exported="false" >
125-->[androidx.emoji2:emoji2:1.3.0] AndroidManifest.xml:27:13-37
126            <meta-data
126-->[androidx.emoji2:emoji2:1.3.0] AndroidManifest.xml:29:13-31:52
127                android:name="androidx.emoji2.text.EmojiCompatInitializer"
127-->[androidx.emoji2:emoji2:1.3.0] AndroidManifest.xml:30:17-75
128                android:value="androidx.startup" />
128-->[androidx.emoji2:emoji2:1.3.0] AndroidManifest.xml:31:17-49
129            <meta-data
129-->[androidx.lifecycle:lifecycle-process:2.7.0] AndroidManifest.xml:29:13-31:52
130                android:name="androidx.lifecycle.ProcessLifecycleInitializer"
130-->[androidx.lifecycle:lifecycle-process:2.7.0] AndroidManifest.xml:30:17-78
131                android:value="androidx.startup" />
131-->[androidx.lifecycle:lifecycle-process:2.7.0] AndroidManifest.xml:31:17-49
132            <meta-data
132-->[androidx.profileinstaller:profileinstaller:1.3.1] AndroidManifest.xml:29:13-31:52
133                android:name="androidx.profileinstaller.ProfileInstallerInitializer"
133-->[androidx.profileinstaller:profileinstaller:1.3.1] AndroidManifest.xml:30:17-85
134                android:value="androidx.startup" />
134-->[androidx.profileinstaller:profileinstaller:1.3.1] AndroidManifest.xml:31:17-49
135        </provider>
136
137        <service
137-->[androidx.room:room-runtime:2.6.1] AndroidManifest.xml:24:9-28:63
138            android:name="androidx.room.MultiInstanceInvalidationService"
138-->[androidx.room:room-runtime:2.6.1] AndroidManifest.xml:25:13-74
139            android:directBootAware="true"
139-->[androidx.room:room-runtime:2.6.1] AndroidManifest.xml:26:13-43
140            android:exported="false" />
140-->[androidx.room:room-runtime:2.6.1] AndroidManifest.xml:27:13-37
141
142        <receiver
142-->[androidx.profileinstaller:profileinstaller:1.3.1] AndroidManifest.xml:34:9-52:20
143            android:name="androidx.profileinstaller.ProfileInstallReceiver"
143-->[androidx.profileinstaller:profileinstaller:1.3.1] AndroidManifest.xml:35:13-76
144            android:directBootAware="false"
144-->[androidx.profileinstaller:profileinstaller:1.3.1] AndroidManifest.xml:36:13-44
145            android:enabled="true"
145-->[androidx.profileinstaller:profileinstaller:1.3.1] AndroidManifest.xml:37:13-35
146            android:exported="true"
146-->[androidx.profileinstaller:profileinstaller:1.3.1] AndroidManifest.xml:38:13-36
147            android:permission="android.permission.DUMP" >
147-->[androidx.profileinstaller:profileinstaller:1.3.1] AndroidManifest.xml:39:13-57
148            <intent-filter>
148-->[androidx.profileinstaller:profileinstaller:1.3.1] AndroidManifest.xml:40:13-42:29
149                <action android:name="androidx.profileinstaller.action.INSTALL_PROFILE" />
149-->[androidx.profileinstaller:profileinstaller:1.3.1] AndroidManifest.xml:41:17-91
149-->[androidx.profileinstaller:profileinstaller:1.3.1] AndroidManifest.xml:41:25-88
150            </intent-filter>
151            <intent-filter>
151-->[androidx.profileinstaller:profileinstaller:1.3.1] AndroidManifest.xml:43:13-45:29
152                <action android:name="androidx.profileinstaller.action.SKIP_FILE" />
152-->[androidx.profileinstaller:profileinstaller:1.3.1] AndroidManifest.xml:44:17-85
152-->[androidx.profileinstaller:profileinstaller:1.3.1] AndroidManifest.xml:44:25-82
153            </intent-filter>
154            <intent-filter>
154-->[androidx.profileinstaller:profileinstaller:1.3.1] AndroidManifest.xml:46:13-48:29
155                <action android:name="androidx.profileinstaller.action.SAVE_PROFILE" />
155-->[androidx.profileinstaller:profileinstaller:1.3.1] AndroidManifest.xml:47:17-88
155-->[androidx.profileinstaller:profileinstaller:1.3.1] AndroidManifest.xml:47:25-85
156            </intent-filter>
157            <intent-filter>
157-->[androidx.profileinstaller:profileinstaller:1.3.1] AndroidManifest.xml:49:13-51:29
158                <action android:name="androidx.profileinstaller.action.BENCHMARK_OPERATION" />
158-->[androidx.profileinstaller:profileinstaller:1.3.1] AndroidManifest.xml:50:17-95
158-->[androidx.profileinstaller:profileinstaller:1.3.1] AndroidManifest.xml:50:25-92
159            </intent-filter>
160        </receiver>
161    </application>
162
163</manifest>